<?xml version="1.0" encoding="UTF-8"?>
<!-- Generated by org.testng.reporters.JUnitReportReporter -->
<testsuite hostname="MEHMETALIMEMIS" failures="0" tests="1" name="gittigidiyorCase.gittigidiyorTestCase" time="43.234" errors="0" timestamp="2021-03-13T23:46:27 TRT" skipped="0">
  <testcase classname="gittigidiyorCase.gittigidiyorTestCase" name="f" time="43.234"/>
  <system-out/>
</testsuite> <!-- gittigidiyorCase.gittigidiyorTestCase -->
